<?xml version="1.0" encoding="UTF-8"?>
<!-- Generated by org.testng.reporters.JUnitReportReporter -->
<testsuite skipped="0" hostname="LAPTOP-TO3GHLP2" name="KhanSignInUsingGoogleAccount" tests="1" failures="0" timestamp="23 Feb 2021 04:20:41 GMT" time="26.219" errors="0">
  <testcase name="signInUsingGoogle" time="26.219" classname="KhanSignInUsingGoogleAccount"/>
</testsuite> <!-- KhanSignInUsingGoogleAccount -->
