<?xml version="1.0" encoding="UTF-8"?>
<!-- Generated by org.testng.reporters.JUnitReportReporter -->
<testsuite skipped="0" hostname="LAPTOP-TO3GHLP2" name="Magento.MagentoSmallBusiness" tests="1" failures="0" timestamp="25 Feb 2021 16:20:38 GMT" time="103.734" errors="0">
  <testcase name="MagentoSmallBusiness" time="103.734" classname="Magento.MagentoSmallBusiness"/>
</testsuite> <!-- Magento.MagentoSmallBusiness -->
