<?xml version="1.0" encoding="UTF-8"?>
<!-- Generated by org.testng.reporters.JUnitReportReporter -->
<testsuite skipped="0" hostname="LAPTOP-TO3GHLP2" name="Magento.MagentoDataDrivenInvalidLogin" tests="1" failures="0" timestamp="25 Feb 2021 17:31:18 GMT" time="78.647" errors="0">
  <testcase name="MagentoInvalidLogin" time="78.647" classname="Magento.MagentoDataDrivenInvalidLogin"/>
</testsuite> <!-- Magento.MagentoDataDrivenInvalidLogin -->
